Arguments: 
  /home/alex/.nvm/versions/node/v16.16.0/bin/node /home/alex/.nvm/versions/node/v16.16.0/bin/yarn install

PATH: 
  /home/alex/.nvm/versions/node/v16.16.0/bin:/usr/local/sbin:/usr/local/bin:/usr/sbin:/usr/bin:/sbin:/bin:/usr/games:/usr/local/games

Yarn version: 
  1.22.19

Node version: 
  16.16.0

Platform: 
  linux x64

Trace: 
  SyntaxError: /home/alex/Project/seneca-search-mem/package.json: Unexpected string in JSON at position 457
      at JSON.parse (<anonymous>)
      at /home/alex/.nvm/versions/node/v16.16.0/lib/node_modules/yarn/lib/cli.js:1629:59
      at Generator.next (<anonymous>)
      at step (/home/alex/.nvm/versions/node/v16.16.0/lib/node_modules/yarn/lib/cli.js:310:30)
      at /home/alex/.nvm/versions/node/v16.16.0/lib/node_modules/yarn/lib/cli.js:321:13

npm manifest: 
  {
    "name": "seneca-search-mem",
    "version": "1.0.0",
    "description": "",
    "main": "search-mem.js",
    "scripts": {
      "test": "./node_modules/jasmine/bin/jasmine.js --config=test/support/jasmine.json"
    },
    "keywords": [],
    "author": "",
    "license": "ISC",
    "devDependencies": {
      "jasmine": "3.8.0",
      "seneca": "3.23.3",
      "seneca-promisify": "2.0.0",
      "seneca-search-test": "git+ssh://git@github.com:senecajs/seneca-search-test.git"
      "vue": "2.6.12",
      "vue-cli-plugin-vuetify": "2.4.0",
      "vue-template-compiler": "2.6.12",
      "vuetify": "2.5.1",
      "vuetify-loader": "1.7.2"
    },
    "dependencies": {
      "minisearch": "3.0.4"
    }
  }

yarn manifest: 
  No manifest

Lockfile: 
  # THIS IS AN AUTOGENERATED FILE. DO NOT EDIT THIS FILE DIRECTLY.
  # yarn lockfile v1
  
  
  "@hapi/address@^4.0.1":
    version "4.1.0"
    resolved "https://registry.yarnpkg.com/@hapi/address/-/address-4.1.0.tgz#d60c5c0d930e77456fdcde2598e77302e2955e1d"
    integrity sha512-SkszZf13HVgGmChdHo/PxchnSaCJ6cetVqLzyciudzZRT0jcOouIF/Q93mgjw8cce+D+4F4C1Z/WrfFN+O3VHQ==
    dependencies:
      "@hapi/hoek" "^9.0.0"
  
  "@hapi/boom@9.x.x":
    version "9.1.4"
    resolved "https://registry.yarnpkg.com/@hapi/boom/-/boom-9.1.4.tgz#1f9dad367c6a7da9f8def24b4a986fc5a7bd9db6"
    integrity sha512-Ls1oH8jaN1vNsqcaHVYJrKmgMcKsC1wcp8bujvXrHaAqD2iDYq3HoOwsxwo09Cuda5R5nC0o0IxlrlTuvPuzSw==
    dependencies:
      "@hapi/hoek" "9.x.x"
  
  "@hapi/bourne@2.x.x":
    version "2.1.0"
    resolved "https://registry.yarnpkg.com/@hapi/bourne/-/bourne-2.1.0.tgz#66aff77094dc3080bd5df44ec63881f2676eb020"
    integrity sha512-i1BpaNDVLJdRBEKeJWkVO6tYX6DMFBuwMhSuWqLsY4ufeTKGVuV5rBsUhxPayXqnnWHgXUAmWK16H/ykO5Wj4Q==
  
  "@hapi/formula@^2.0.0":
    version "2.0.0"
    resolved "https://registry.yarnpkg.com/@hapi/formula/-/formula-2.0.0.tgz#edade0619ed58c8e4f164f233cda70211e787128"
    integrity sha512-V87P8fv7PI0LH7LiVi8Lkf3x+KCO7pQozXRssAHNXXL9L1K+uyu4XypLXwxqVDKgyQai6qj3/KteNlrqDx4W5A==
  
  "@hapi/hoek@9.x.x", "@hapi/hoek@^9.0.0", "@hapi/hoek@^9.0.3", "@hapi/hoek@^9.2.1":
    version "9.3.0"
    resolved "https://registry.yarnpkg.com/@hapi/hoek/-/hoek-9.3.0.tgz#8368869dcb735be2e7f5cb7647de78e167a251fb"
    integrity sha512-/c6rf4UJlmHlC9b5BaNvzAcFv7HZ2QHaV0D4/HNlBdvFnvQq8RI4kYdhyPCl7Xj+oWvTWQ8ujhqS53LIgAe6KQ==
  
  "@hapi/joi@^17.1.0", "@hapi/joi@^17.1.1":
    version "17.1.1"
    resolved "https://registry.yarnpkg.com/@hapi/joi/-/joi-17.1.1.tgz#9cc8d7e2c2213d1e46708c6260184b447c661350"
    integrity sha512-p4DKeZAoeZW4g3u7ZeRo+vCDuSDgSvtsB/NpfjXEHTUjSeINAi/RrVOWiVQ1isaoLzMvFEhe8n5065mQq1AdQg==
    dependencies:
      "@hapi/address" "^4.0.1"
      "@hapi/formula" "^2.0.0"
      "@hapi/hoek" "^9.0.0"
      "@hapi/pinpoint" "^2.0.0"
      "@hapi/topo" "^5.0.0"
  
  "@hapi/pinpoint@^2.0.0":
    version "2.0.0"
    resolved "https://registry.yarnpkg.com/@hapi/pinpoint/-/pinpoint-2.0.0.tgz#805b40d4dbec04fc116a73089494e00f073de8df"
    integrity sha512-vzXR5MY7n4XeIvLpfl3HtE3coZYO4raKXW766R6DZw/6aLqR26iuZ109K7a0NtF2Db0jxqh7xz2AxkUwpUFybw==
  
  "@hapi/topo@^5.0.0":
    version "5.1.0"
    resolved "https://registry.yarnpkg.com/@hapi/topo/-/topo-5.1.0.tgz#dc448e332c6c6e37a4dc02fd84ba8d44b9afb012"
    integrity sha512-foQZKJig7Ob0BMAYBfcJk8d77QtOe7Wo4ox7ff1lQYoNNAb6jwcY1ncdoy2e9wQZzvNy7ODZCYJkK8kzmcAnAg==
    dependencies:
      "@hapi/hoek" "^9.0.0"
  
  "@hapi/wreck@^17.0.0", "@hapi/wreck@^17.1.0":
    version "17.2.0"
    resolved "https://registry.yarnpkg.com/@hapi/wreck/-/wreck-17.2.0.tgz#a5b69b724fa8fa25550fb02f55c649becfc59f63"
    integrity sha512-pJ5kjYoRPYDv+eIuiLQqhGon341fr2bNIYZjuotuPJG/3Ilzr/XtI+JAp0A86E2bYfsS3zBPABuS2ICkaXFT8g==
    dependencies:
      "@hapi/boom" "9.x.x"
      "@hapi/bourne" "2.x.x"
      "@hapi/hoek" "9.x.x"
  
  backoff@~2.5.0:
    version "2.5.0"
    resolved "https://registry.yarnpkg.com/backoff/-/backoff-2.5.0.tgz#f616eda9d3e4b66b8ca7fca79f695722c5f8e26f"
    integrity sha512-wC5ihrnUXmR2douXmXLCe5O3zg3GKIyvRi/hi58a/XyRxVI+3/yM0PYueQOZXPXQ9pxBislYkw+sF9b7C/RuMA==
    dependencies:
      precond "0.2"
  
  balanced-match@^1.0.0:
    version "1.0.2"
    resolved "https://registry.yarnpkg.com/balanced-match/-/balanced-match-1.0.2.tgz#e83e3a7e3f300b34cb9d87f615fa0cbf357690ee"
    integrity sha512-3oSeUO0TMV67hN1AmbXsK4yaqU7tjiHlbxRDZOpH0KW9+CeX4bRAaX0Anxt0tx2MrpRpWwQaPwIlISEJhYU5Pw==
  
  brace-expansion@^1.1.7:
    version "1.1.11"
    resolved "https://registry.yarnpkg.com/brace-expansion/-/brace-expansion-1.1.11.tgz#3c7fcbf529d87226f3d2f52b966ff5271eb441dd"
    integrity sha512-iCuPHDFgrHX7H2vEI/5xpz07zSHB00TpugqhmYtVmMO6518mCuRMoOYFldEBl0g187ufozdaHgWKcYFb61qGiA==
    dependencies:
      balanced-match "^1.0.0"
      concat-map "0.0.1"
  
  call-bind@^1.0.0:
    version "1.0.2"
    resolved "https://registry.yarnpkg.com/call-bind/-/call-bind-1.0.2.tgz#b1d4e89e688119c3c9a903ad30abb2f6a919be3c"
    integrity sha512-7O+FbCihrB5WGbFYesctwmTKae6rOiIzmz1icreWJ+0aA7LJfuqhEso2T9ncpcFtzMQtzXf2QGGueWJGTYsqrA==
    dependencies:
      function-bind "^1.1.1"
      get-intrinsic "^1.0.2"
  
  concat-map@0.0.1:
    version "0.0.1"
    resolved "https://registry.yarnpkg.com/concat-map/-/concat-map-0.0.1.tgz#d8a96bd77fd68df7793a73036a3ba0d5405d477b"
    integrity sha512-/Srv4dswyQNBfohGpz9o6Yb3Gz3SrUDqBH5rTuhGR7ahtlbYKnVxw2bCFMRljaA7EXHaXZ8wsHdodFvbkhKmqg==
  
  core-util-is@~1.0.0:
    version "1.0.3"
    resolved "https://registry.yarnpkg.com/core-util-is/-/core-util-is-1.0.3.tgz#a6042d3634c2b27e9328f837b965fac83808db85"
    integrity sha512-ZQBvi1DcpJ4GDqanjucZ2Hj3wEO5pZDS89BWbkcrvdxksJorwUDDZamX9ldFkp9aw2lmBDLgkObEA4DWNJ9FYQ==
  
  eraro@^2.0.0, eraro@^2.1.0:
    version "2.1.0"
    resolved "https://registry.yarnpkg.com/eraro/-/eraro-2.1.0.tgz#1ca385f9878e331f1f12022cbbd6f99faea30515"
    integrity sha512-i8t3tkUixYL6q9gQvTqgkOok8VJCw2mr3/YfATdFcOE2pxw3MUM8Uv4B822zVDPIyIZDKx7jixr24ej3vdul2A==
    dependencies:
      lodash.template "^4.5.0"
  
  fast-safe-stringify@^2.0.7:
    version "2.1.1"
    resolved "https://registry.yarnpkg.com/fast-safe-stringify/-/fast-safe-stringify-2.1.1.tgz#c406a83b6e70d9e35ce3b30a81141df30aeba884"
    integrity sha512-W+KJc2dmILlPplD/H4K9l9LcAHAfPtP6BY84uVLXQ6Evcz9Lcg33Y2z1IVblT6xdY54PXYVHEv+0Wpq8Io6zkA==
  
  fs.realpath@^1.0.0:
    version "1.0.0"
    resolved "https://registry.yarnpkg.com/fs.realpath/-/fs.realpath-1.0.0.tgz#1504ad2523158caa40db4a2787cb01411994ea4f"
    integrity sha512-OO0pH2lK6a0hZnAdau5ItzHPI6pUlvI7jMVnxUQRtw4owF2wk8lOSabtGDCTP4Ggrg2MbGnWO9X8K1t4+fGMDw==
  
  function-bind@^1.1.1:
    version "1.1.1"
    resolved "https://registry.yarnpkg.com/function-bind/-/function-bind-1.1.1.tgz#a56899d3ea3c9bab874bb9773b7c5ede92f4895d"
    integrity sha512-yIovAzMX49sF8Yl58fSCWJ5svSLuaibPxXQJFLmBObTuCr0Mf1KiPopGM9NiFjiYBCbfaa2Fh6breQ6ANVTI0A==
  
  gate-executor@^3.0.0:
    version "3.1.1"
    resolved "https://registry.yarnpkg.com/gate-executor/-/gate-executor-3.1.1.tgz#1339bdcf120cea448dbdbff8794a298c305af67e"
    integrity sha512-agq1D2Ly5AWl7mOxpgVj1WP6XvFLzck6FuRmzeRiDN7l4Ur1VoAZOP9ogXFr+IEfHtCK2IqdPtDPQP3Dg5m+0w==
  
  get-intrinsic@^1.0.2:
    version "1.1.3"
    resolved "https://registry.yarnpkg.com/get-intrinsic/-/get-intrinsic-1.1.3.tgz#063c84329ad93e83893c7f4f243ef63ffa351385"
    integrity sha512-QJVz1Tj7MS099PevUG5jvnt9tSkXN8K14dxQlikJuPt4uD9hHAHjLyLBiLR5zELelBdD9QNRAXZzsJx0WaDL9A==
    dependencies:
      function-bind "^1.1.1"
      has "^1.0.3"
      has-symbols "^1.0.3"
  
  gex@^1.0.0:
    version "1.0.0"
    resolved "https://registry.yarnpkg.com/gex/-/gex-1.0.0.tgz#99acfe13de9987e8a0bebc8f72a5ef491c5ad231"
    integrity sha512-wEyZcD4WWlL8IMw/ZOhWGfy4X/Q2yFqXZ16Loq/vh3XwsS+42Fm23Jd5ph+3yw9wNzVMmloskBwO3vCL8M7+2Q==
  
  gex@^4.0.1:
    version "4.0.1"
    resolved "https://registry.yarnpkg.com/gex/-/gex-4.0.1.tgz#6e90a880022d56b2008659fdd22a74b0066a85fb"
    integrity sha512-ittHFE0p3RwRVQf7UHAS5tQPwtsUxrnQbnOD3iN3b/b/XDnhJt/U5TBXyB6WAY2G65aIFZZBkpNaxzSqDEx9lA==
  
  glob@^7.1.6:
    version "7.2.3"
    resolved "https://registry.yarnpkg.com/glob/-/glob-7.2.3.tgz#b8df0fb802bbfa8e89bd1d938b4e16578ed44f2b"
    integrity sha512-nFR0zLpU2YCaRxwoCJvL6UvCH2JFyFVIvwTLsIf21AuHlMskA1hhTdk+LlYJtOlYt9v6dvszD2BGRqBL+iQK9Q==
    dependencies:
      fs.realpath "^1.0.0"
      inflight "^1.0.4"
      inherits "2"
      minimatch "^3.1.1"
      once "^1.3.0"
      path-is-absolute "^1.0.0"
  
  has-symbols@^1.0.3:
    version "1.0.3"
    resolved "https://registry.yarnpkg.com/has-symbols/-/has-symbols-1.0.3.tgz#bb7b2c4349251dce87b125f7bdf874aa7c8b39f8"
    integrity sha512-l3LCuF6MgDNwTDKkdYGEihYjt5pRPbEg46rtlmnSPlUbgmB8LOIrKJbYYFBSbnPaJexMKtiPO8hmeRjRz2Td+A==
  
  has@^1.0.3:
    version "1.0.3"
    resolved "https://registry.yarnpkg.com/has/-/has-1.0.3.tgz#722d7cbfc1f6aa8241f16dd814e011e1f41e8796"
    integrity sha512-f2dvO0VU6Oej7RkWJGrehjbzMAjFp5/VKPp5tTpWIV4JHHZK1/BxbFRtf/siA2SWTe09caDmVtYYzWEIbBS4zw==
    dependencies:
      function-bind "^1.1.1"
  
  inflight@^1.0.4:
    version "1.0.6"
    resolved "https://registry.yarnpkg.com/inflight/-/inflight-1.0.6.tgz#49bd6331d7d02d0c09bc910a1075ba8165b56df9"
    integrity sha512-k92I/b08q4wvFscXCLvqfsHCrjrF7yiXsQuIVvVE7N82W3+aqpzuUdBbfhWcy/FZR3/4IgflMgKLOsvPDrGCJA==
    dependencies:
      once "^1.3.0"
      wrappy "1"
  
  inherits@2, inherits@~2.0.3:
    version "2.0.4"
    resolved "https://registry.yarnpkg.com/inherits/-/inherits-2.0.4.tgz#0fa2c64f932917c3433a0ded55363aae37416b7c"
    integrity sha512-k/vGaX4/Yla3WzyMCvTQOXYeIHvqOKtnqBduzTHpzpQZzAskKMhZ2K+EnBiSM9zGSoIFeMpXKxa4dYeZIQqewQ==
  
  isarray@~1.0.0:
    version "1.0.0"
    resolved "https://registry.yarnpkg.com/isarray/-/isarray-1.0.0.tgz#bb935d48582cba168c06834957a54a3e07124f11"
    integrity sha512-VLghIWNM6ELQzo7zwmcg0NmTVyWKYjvIeM83yjp0wRDTmUnrM678fQbcKBo6n2CJEF0szoG//ytg+TKla89ALQ==
  
  jasmine-core@~3.8.0:
    version "3.8.0"
    resolved "https://registry.yarnpkg.com/jasmine-core/-/jasmine-core-3.8.0.tgz#815399aae5aa5d9beeb1262805f981b99ffc9bf0"
    integrity sha512-zl0nZWDrmbCiKns0NcjkFGYkVTGCPUgoHypTaj+G2AzaWus7QGoXARSlYsSle2VRpSdfJmM+hzmFKzQNhF2kHg==
  
  jasmine@3.8.0:
    version "3.8.0"
    resolved "https://registry.yarnpkg.com/jasmine/-/jasmine-3.8.0.tgz#4497bc797eede7ca9de18179aedd4cf50245d8dc"
    integrity sha512-kdQ3SfcNpMbbMdgJPLyFe9IksixdnrgYaCJapP9sS0aLgdWdIZADNXEr+11Zafxm1VDfRSC5ZL4fzXT0bexzXw==
    dependencies:
      glob "^7.1.6"
      jasmine-core "~3.8.0"
  
  json-stringify-safe@^5.0.1:
    version "5.0.1"
    resolved "https://registry.yarnpkg.com/json-stringify-safe/-/json-stringify-safe-5.0.1.tgz#1296a2d58fd45f19a0f6ce01d65701e2c735b6eb"
    integrity sha512-ZClg6AaYvamvYEE82d3Iyd3vSSIjQ+odgjaTzRuO3s7toCdFKczob2i0zCh7JE8kWn17yvAWhUVxvqGwUalsRA==
  
  jsonic@^0.3.1:
    version "0.3.1"
    resolved "https://registry.yarnpkg.com/jsonic/-/jsonic-0.3.1.tgz#da306185dc635b649ad934e3f6826188cad73bdb"
    integrity sha512-5Md4EK3vPAMvP2sXY6M3/vQEPeX3LxEQBJuF979uypddXjsUlEoAI9/Nojh8tbw+YU5FjMoqSElO6oyjrAuprw==
  
  jsonic@^1.0.1:
    version "1.0.1"
    resolved "https://registry.yarnpkg.com/jsonic/-/jsonic-1.0.1.tgz#817054df7abfaf525ecf39d6647a2ed6d5fca7f1"
    integrity sha512-6GitEN4plTuB/I1o9kDZl7Pgc+DvFG1BG88IqaUz4eQglCA1uAgxWdXhLNA6ffaYsmzPjOysDpp6CYTwRiuXLw==
  
  lodash._reinterpolate@^3.0.0:
    version "3.0.0"
    resolved "https://registry.yarnpkg.com/lodash._reinterpolate/-/lodash._reinterpolate-3.0.0.tgz#0ccf2d89166af03b3663c796538b75ac6e114d9d"
    integrity sha512-xYHt68QRoYGjeeM/XOE1uJtvXQAgvszfBhjV4yvsQH0u2i9I6cI6c6/eG4Hh3UAOVn0y/xAXwmTzEay49Q//HA==
  
  lodash.defaultsdeep@^4.6.1:
    version "4.6.1"
    resolved "https://registry.yarnpkg.com/lodash.defaultsdeep/-/lodash.defaultsdeep-4.6.1.tgz#512e9bd721d272d94e3d3a63653fa17516741ca6"
    integrity sha512-3j8wdDzYuWO3lM3Reg03MuQR957t287Rpcxp1njpEa8oDrikb+FwGdW3n+FELh/A6qib6yPit0j/pv9G/yeAqA==
  
  lodash.flatten@^4.4.0:
    version "4.4.0"
    resolved "https://registry.yarnpkg.com/lodash.flatten/-/lodash.flatten-4.4.0.tgz#f31c22225a9632d2bbf8e4addbef240aa765a61f"
    integrity sha512-C5N2Z3DgnnKr0LOpv/hKCgKdb7ZZwafIrsesve6lmzvZIRZRGaZ/l6Q8+2W7NaT+ZwO3fFlSCzCzrDCFdJfZ4g==
  
  lodash.foreach@^4.5.0:
    version "4.5.0"
    resolved "https://registry.yarnpkg.com/lodash.foreach/-/lodash.foreach-4.5.0.tgz#1a6a35eace401280c7f06dddec35165ab27e3e53"
    integrity sha512-aEXTF4d+m05rVOAUG3z4vZZ4xVexLKZGF0lIxuHZ1Hplpk/3B6Z1+/ICICYRLm7c41Z2xiejbkCkJoTlypoXhQ==
  
  lodash.isarguments@^3.1.0:
    version "3.1.0"
    resolved "https://registry.yarnpkg.com/lodash.isarguments/-/lodash.isarguments-3.1.0.tgz#2f573d85c6a24289ff00663b491c1d338ff3458a"
    integrity sha512-chi4NHZlZqZD18a0imDHnZPrDeBbTtVN7GXMwuGdRH9qotxAjYs3aVLKc7zNOG9eddR5Ksd8rvFEBc9SsggPpg==
  
  lodash.isdate@^4.0.1:
    version "4.0.1"
    resolved "https://registry.yarnpkg.com/lodash.isdate/-/lodash.isdate-4.0.1.tgz#35a543673b9d76110de4114b32cc577048a7f366"
    integrity sha512-hg5B1GD+R9egsBgMwmAhk+V53Us03TVvXT4dnyKugEfsD4QKuG9Wlyvxq8OGy2nu7qVGsh4DRSnMk33hoWBq/Q==
  
  lodash.isnan@^3.0.2:
    version "3.0.2"
    resolved "https://registry.yarnpkg.com/lodash.isnan/-/lodash.isnan-3.0.2.tgz#82ed04a5f9ea8bd6226d0c26af0cac32f4507745"
    integrity sha512-zduioV6njyRsie8qtuS85u7B8xJWi3HjUc1klVoRdeghA5prG13xbUNNcCJ1Cxwa4FyjJVnkL5hDopCVh2ng4g==
  
  lodash.isregexp@^4.0.1:
    version "4.0.1"
    resolved "https://registry.yarnpkg.com/lodash.isregexp/-/lodash.isregexp-4.0.1.tgz#e13e647b30cd559752a04cd912086faf7da1c30b"
    integrity sha512-rw9+95tYcUa9nQ1FgdtKvO+hReLGNqnNMHfLq8SwK5Mo6D0R0tIsnRHGHaTHSKeYBaLCJ1JvXWdz4UmpPZ2bag==
  
  lodash.omit@^4.5.0:
    version "4.5.0"
    resolved "https://registry.yarnpkg.com/lodash.omit/-/lodash.omit-4.5.0.tgz#6eb19ae5a1ee1dd9df0b969e66ce0b7fa30b5e60"
    integrity sha512-XeqSp49hNGmlkj2EJlfrQFIzQ6lXdNro9sddtQzcJY8QaoC2GO0DT7xaIokHeyM+mIT0mPMlPvkYzg2xCuHdZg==
  
  lodash.template@^4.5.0:
    version "4.5.0"
    resolved "https://registry.yarnpkg.com/lodash.template/-/lodash.template-4.5.0.tgz#f976195cf3f347d0d5f52483569fe8031ccce8ab"
    integrity sha512-84vYFxIkmidUiFxidA/KjjH9pAycqW+h980j7Fuz5qxRtO9pgB7MDFTdys1N7A5mcucRiDyEq4fusljItR1T/A==
    dependencies:
      lodash._reinterpolate "^3.0.0"
      lodash.templatesettings "^4.0.0"
  
  lodash.templatesettings@^4.0.0:
    version "4.2.0"
    resolved "https://registry.yarnpkg.com/lodash.templatesettings/-/lodash.templatesettings-4.2.0.tgz#e481310f049d3cf6d47e912ad09313b154f0fb33"
    integrity sha512-stgLz+i3Aa9mZgnjr/O+v9ruKZsPsndy7qPZOchbqk2cnTU1ZaldKK+v7m54WoKIyxiuMZTKT2H81F8BeAc3ZQ==
    dependencies:
      lodash._reinterpolate "^3.0.0"
  
  lodash.uniq@^4.5.0:
    version "4.5.0"
    resolved "https://registry.yarnpkg.com/lodash.uniq/-/lodash.uniq-4.5.0.tgz#d0225373aeb652adc1bc82e4945339a842754773"
    integrity sha512-xfBaXQd9ryd9dlSDvnvI0lvxfLJlYAZzXomUYzLKtUeOQvOP5piqAWuGtrhWeqaXK9hhoM/iyJc5AV+XfsX3HQ==
  
  lru-cache@^5.1.1:
    version "5.1.1"
    resolved "https://registry.yarnpkg.com/lru-cache/-/lru-cache-5.1.1.tgz#1da27e6710271947695daf6848e847f01d84b920"
    integrity sha512-KpNARQA3Iwv+jTA0utUVVbrh+Jlrr1Fv0e56GGzAFOXN7dk/FviaDW8LHmK52DlcH4WP2n6gI8vN1aesBFgo9w==
    dependencies:
      yallist "^3.0.2"
  
  minimatch@^3.1.1:
    version "3.1.2"
    resolved "https://registry.yarnpkg.com/minimatch/-/minimatch-3.1.2.tgz#19cd194bfd3e428f049a70817c038d89ab4be35b"
    integrity sha512-J7p63hRiAjw1NDEww1W7i37+ByIrOWO5XQQAzZ3VOcL0PNybwpfmV/N05zFAzwQ9USyEcX6t3UO+K5aqBQOIHw==
    dependencies:
      brace-expansion "^1.1.7"
  
  minimist@^1.2.0, minimist@^1.2.5:
    version "1.2.7"
    resolved "https://registry.yarnpkg.com/minimist/-/minimist-1.2.7.tgz#daa1c4d91f507390437c6a8bc01078e7000c4d18"
    integrity sha512-bzfL1YUZsP41gmu/qjrEk0Q6i2ix/cVeAhbCbqH9u3zYutS1cLg00qhrD0M2MVdCcx4Sc0UpP2eBWo9rotpq6g==
  
  minisearch@3.0.4:
    version "3.0.4"
    resolved "https://registry.yarnpkg.com/minisearch/-/minisearch-3.0.4.tgz#a676ca6c6c38230e26ef32eb6ff0c8067b4780eb"
    integrity sha512-Pppssxzghr+hQ9HVNMUqNiIWaBrXXhwEZTeCUOK7GIWtZEHM+hTBlypaqP/uXnSrye9y4CNv6Ex9e7pH+wATxA==
  
  ndjson@^1.5.0:
    version "1.5.0"
    resolved "https://registry.yarnpkg.com/ndjson/-/ndjson-1.5.0.tgz#ae603b36b134bcec347b452422b0bf98d5832ec8"
    integrity sha512-hUPLuaziboGjNF7wHngkgVc0FOclR8dDk/HfEvTtDr/iUrqBWiRcRSTK3/nLOqKH33th714BrMmTPtObI9gZxQ==
    dependencies:
      json-stringify-safe "^5.0.1"
      minimist "^1.2.0"
      split2 "^2.1.0"
      through2 "^2.0.3"
  
  nid@^1.1.0, nid@^1.3.3:
    version "1.3.3"
    resolved "https://registry.yarnpkg.com/nid/-/nid-1.3.3.tgz#36f966d46c5a15258802477bcc9ea41ed3ea534a"
    integrity sha512-D4icLe9or1K4gsH8CQ2gfnRJECRlq63oNq5LNADMVmyPQqMhtHQIE3LE8bXDbQRYR8yzwoo0stG1m2pL5kr3aA==
  
  norma@^2.0.2:
    version "2.0.2"
    resolved "https://registry.yarnpkg.com/norma/-/norma-2.0.2.tgz#deead1a361f7166d2359f63c4202c3df3b9db9ac"
    integrity sha512-dpZEilsy4GuVX3E1/L/7xAFDsv5V7vopP/wOF/yxnw4Qy7vkEQZjL0lEv9nM7BMX0QZNOauL/oHAtZ10BUOTIA==
    dependencies:
      eraro "^2.0.0"
      lodash.isarguments "^3.1.0"
      lodash.isdate "^4.0.1"
      lodash.isnan "^3.0.2"
      lodash.isregexp "^4.0.1"
  
  nua@^2.0.1:
    version "2.0.1"
    resolved "https://registry.yarnpkg.com/nua/-/nua-2.0.1.tgz#278ff27ce4c1cfc8be4cffbd9ebdd707fe223d00"
    integrity sha512-SiL/2rNd7F4HXDzYqbS4qxKYz8hf47R8tNBS8guXlxUxBMXnbB7GLVz04MbGP0FqBVKjn2OaNtOAz1o88h3WjA==
  
  object-inspect@^1.9.0:
    version "1.12.2"
    resolved "https://registry.yarnpkg.com/object-inspect/-/object-inspect-1.12.2.tgz#c0641f26394532f28ab8d796ab954e43c009a8ea"
    integrity sha512-z+cPxW0QGUp0mcqcsgQyLVRDoXFQbXOwBaqyF7VIgI4TWNQsDHrBpUQslRmIfAoYWdYzs6UlKJtB2XJpTaNSpQ==
  
  once@^1.3.0:
    version "1.4.0"
    resolved "https://registry.yarnpkg.com/once/-/once-1.4.0.tgz#583b1aa775961d4b113ac17d9c50baef9dd76bd1"
    integrity sha512-lNaJgI+2Q5URQBkccEKHTQOPaXdUxnZZElQTZY0MFUAuaEqe1E+Nyvgdz/aIyNi6Z9MzO5dv1H8n58/GELp3+w==
    dependencies:
      wrappy "1"
  
  optioner@^5.0.1:
    version "5.0.1"
    resolved "https://registry.yarnpkg.com/optioner/-/optioner-5.0.1.tgz#90c4f3f9b94b93af1a23b9bcfc8eec9b86125b1a"
    integrity sha512-WrR6M1H5JnK9lI/0TUDtSdqTwTSLOno4EZR4dC/NAJIz1Z8HePbo37eJqlrx8KP4YpB6lhrtl621gRPuOhgoLQ==
    dependencies:
      "@hapi/hoek" "^9.0.3"
      "@hapi/joi" "^17.1.0"
  
  ordu@^2.0.0:
    version "2.2.0"
    resolved "https://registry.yarnpkg.com/ordu/-/ordu-2.2.0.tgz#36fcdd94e11e189f46ee0b5ae455a7bd73e29425"
    integrity sha512-PodC6lVe7P6QjMuOsO10Wk8Q7PA2Ad9dNPal/r/KNK1YOJ3u+is0EUtyTwXRt1adXHG1Z9V1FpVkllg2vHxMyQ==
    dependencies:
      "@hapi/hoek" "^9.2.1"
      nua "^2.0.1"
      strict-event-emitter-types "^2.0.0"
  
  path-is-absolute@^1.0.0:
    version "1.0.1"
    resolved "https://registry.yarnpkg.com/path-is-absolute/-/path-is-absolute-1.0.1.tgz#174b9268735534ffbc7ace6bf53a5a9e1b5c5f5f"
    integrity sha512-AVbw3UJ2e9bq64vSaS9Am0fje1Pa8pbGqTTsmXfaIiMpnr5DlDhfJOuLj9Sf95ZPVDAUerDfEk88MPmPe7UCQg==
  
  patrun@^3.0.0:
    version "3.0.0"
    resolved "https://registry.yarnpkg.com/patrun/-/patrun-3.0.0.tgz#b4f5900ecea71b50a20b8d4e4a5ad31602e0ac99"
    integrity sha512-fQ++l3FCnrQbO03wEjb2SFn+ixGXscS8948A4js0qDTBsod0eElYUDvuWCH4mV61V/7QN2lCtryRvoyBP0K/7g==
    dependencies:
      gex "^1.0.0"
  
  patrun@^7.1.0:
    version "7.2.5"
    resolved "https://registry.yarnpkg.com/patrun/-/patrun-7.2.5.tgz#194557a8a1e193c9257983d26c025eeabd2e2904"
    integrity sha512-qj4SBCWWssiYsU+nBqF5BeRdLUaceGdqdOpfVn/7dPb/tnpnvJTHHJmCGcT+jUKvkWJqbC7BLDKm+qkMH85E8Q==
    dependencies:
      gex "^4.0.1"
  
  precond@0.2:
    version "0.2.3"
    resolved "https://registry.yarnpkg.com/precond/-/precond-0.2.3.tgz#aa9591bcaa24923f1e0f4849d240f47efc1075ac"
    integrity sha512-QCYG84SgGyGzqJ/vlMsxeXd/pgL/I94ixdNFyh1PusWmTCyVfPJjZ1K1jvHtsbfnXQs2TSkEP2fR7QiMZAnKFQ==
  
  process-nextick-args@~2.0.0:
    version "2.0.1"
    resolved "https://registry.yarnpkg.com/process-nextick-args/-/process-nextick-args-2.0.1.tgz#7820d9b16120cc55ca9ae7792680ae7dba6d7fe2"
    integrity sha512-3ouUOpQhtgrbOa17J7+uxOTpITYWaGP7/AhoR3+A+/1e9skrzelGi/dXzEYyvbxubEF6Wn2ypscTKiKJFFn1ag==
  
  qs@^6.10.1, qs@^6.9.4:
    version "6.11.0"
    resolved "https://registry.yarnpkg.com/qs/-/qs-6.11.0.tgz#fd0d963446f7a65e1367e01abd85429453f0c37a"
    integrity sha512-MvjoMCJwEarSbUYk5O+nmoSzSutSsTwF85zcHPQ9OrlFoZOYIjaqBAJIqIXjptyD5vThxGq52Xu/MaJzRkIk4Q==
    dependencies:
      side-channel "^1.0.4"
  
  readable-stream@~2.3.6:
    version "2.3.7"
    resolved "https://registry.yarnpkg.com/readable-stream/-/readable-stream-2.3.7.tgz#1eca1cf711aef814c04f62252a36a62f6cb23b57"
    integrity sha512-Ebho8K4jIbHAxnuxi7o42OrZgF/ZTNcsZj6nRKyUmkhLFq8CHItp/fy6hQZuZmP/n3yZ9VBUbp4zz/mX8hmYPw==
    dependencies:
      core-util-is "~1.0.0"
      inherits "~2.0.3"
      isarray "~1.0.0"
      process-nextick-args "~2.0.0"
      safe-buffer "~5.1.1"
      string_decoder "~1.1.1"
      util-deprecate "~1.0.1"
  
  reconnect-core@^1.3.0:
    version "1.3.0"
    resolved "https://registry.yarnpkg.com/reconnect-core/-/reconnect-core-1.3.0.tgz#fbae52919a7877d844e3246d01a2f26701c833c8"
    integrity sha512-+gLKwmyRf2tjl6bLR03DoeWELzyN6LW9Xgr3vh7NXHHwPi0JC0N2TwPyf90oUEBkCRcD+bgQ+s3HORoG3nwHDg==
    dependencies:
      backoff "~2.5.0"
  
  rolling-stats@^0.1.1:
    version "0.1.1"
    resolved "https://registry.yarnpkg.com/rolling-stats/-/rolling-stats-0.1.1.tgz#cd5af774a8893b30a674832fa2f4abaa478cfc80"
    integrity sha512-lPEsQXzVK/GJYGdQ/W4pryyVs48xOoMlb1TLfqVdGCzLY61B1kJ/rHaQXD8tTlKn2JNmmnbcTPmdjgMozjFltg==
  
  safe-buffer@~5.1.0, safe-buffer@~5.1.1:
    version "5.1.2"
    resolved "https://registry.yarnpkg.com/safe-buffer/-/safe-buffer-5.1.2.tgz#991ec69d296e0313747d59bdfd2b745c35f8828d"
    integrity sha512-Gd2UZBJDkXlY7GbJxfsE8/nvKkUEU1G38c1siN6QP6a9PT9MmHB8GnpscSmMJSoF8LOIrt8ud/wPtojys4G6+g==
  
  seneca-promisify@2.0.0:
    version "2.0.0"
    resolved "https://registry.yarnpkg.com/seneca-promisify/-/seneca-promisify-2.0.0.tgz#fb2cef5c44738a2d7813f1769831e7c21b695d58"
    integrity sha512-xYpnZQAGJPrw1gytbpHc6rqvpbWPwA5Mt8Fl03d4mnn3zMN3to6Pgw29Nl1Ltz2bvnPsxusk2iETG/UnJtqgnQ==
    dependencies:
      optioner "^5.0.1"
  
  "seneca-search-test@git+ssh://git@github.com:senecajs/seneca-search-test.git":
    version "1.0.0"
    resolved "git+ssh://git@github.com:senecajs/seneca-search-test.git#a9474783f05e10b0a0c9ca870fe798c7caf05e76"
    dependencies:
      jasmine "3.8.0"
      uuid "8.3.2"
  
  seneca-transport@^6.0.0:
    version "6.0.0"
    resolved "https://registry.yarnpkg.com/seneca-transport/-/seneca-transport-6.0.0.tgz#9a01a0d2324ea6d13f7ab6be8e1cb247aa213cb8"
    integrity sha512-5x+Z9uwhpHysbmo+/Cifw0jmwowaEpn5KYPm7HLkHKBQDUdspPnI3084PbSLYfSPZADg8uy8XMvv093kbw1Kiw==
    dependencies:
      "@hapi/wreck" "^17.0.0"
      eraro "^2.1.0"
      gex "^1.0.0"
      jsonic "^0.3.1"
      lodash.foreach "^4.5.0"
      lodash.omit "^4.5.0"
      lru-cache "^5.1.1"
      ndjson "^1.5.0"
      nid "^1.1.0"
      patrun "^3.0.0"
      qs "^6.9.4"
      reconnect-core "^1.3.0"
  
  seneca@3.23.3:
    version "3.23.3"
    resolved "https://registry.yarnpkg.com/seneca/-/seneca-3.23.3.tgz#5d12150ccfb7df9308fb0b78d655af47c4a3680e"
    integrity sha512-D4ZAx74Uht/r2/7pZcfypySj552FIbiO3PzUEr65hd74x/+33b6eTh9jbSdZSMkYC4S5Mash/JKTJBBg1MZHog==
    dependencies:
      "@hapi/joi" "^17.1.1"
      "@hapi/wreck" "^17.1.0"
      eraro "^2.1.0"
      fast-safe-stringify "^2.0.7"
      gate-executor "^3.0.0"
      jsonic "^1.0.1"
      lodash.defaultsdeep "^4.6.1"
      lodash.flatten "^4.4.0"
      lodash.uniq "^4.5.0"
      minimist "^1.2.5"
      nid "^1.3.3"
      norma "^2.0.2"
      optioner "^5.0.1"
      ordu "^2.0.0"
      patrun "^7.1.0"
      qs "^6.10.1"
      rolling-stats "^0.1.1"
      seneca-transport "^6.0.0"
      use-plugin "^8.2.0"
  
  side-channel@^1.0.4:
    version "1.0.4"
    resolved "https://registry.yarnpkg.com/side-channel/-/side-channel-1.0.4.tgz#efce5c8fdc104ee751b25c58d4290011fa5ea2cf"
    integrity sha512-q5XPytqFEIKHkGdiMIrY10mvLRvnQh42/+GoBlFW3b2LXLE2xxJpZFdm94we0BaoV3RwJyGqg5wS7epxTv0Zvw==
    dependencies:
      call-bind "^1.0.0"
      get-intrinsic "^1.0.2"
      object-inspect "^1.9.0"
  
  split2@^2.1.0:
    version "2.2.0"
    resolved "https://registry.yarnpkg.com/split2/-/split2-2.2.0.tgz#186b2575bcf83e85b7d18465756238ee4ee42493"
    integrity sha512-RAb22TG39LhI31MbreBgIuKiIKhVsawfTgEGqKHTK87aG+ul/PB8Sqoi3I7kVdRWiCfrKxK3uo4/YUkpNvhPbw==
    dependencies:
      through2 "^2.0.2"
  
  strict-event-emitter-types@^2.0.0:
    version "2.0.0"
    resolved "https://registry.yarnpkg.com/strict-event-emitter-types/-/strict-event-emitter-types-2.0.0.tgz#05e15549cb4da1694478a53543e4e2f4abcf277f"
    integrity sha512-Nk/brWYpD85WlOgzw5h173aci0Teyv8YdIAEtV+N88nDB0dLlazZyJMIsN6eo1/AR61l+p6CJTG1JIyFaoNEEA==
  
  string_decoder@~1.1.1:
    version "1.1.1"
    resolved "https://registry.yarnpkg.com/string_decoder/-/string_decoder-1.1.1.tgz#9cf1611ba62685d7030ae9e4ba34149c3af03fc8"
    integrity sha512-n/ShnvDi6FHbbVfviro+WojiFzv+s8MPMHBczVePfUpDJLwoLT0ht1l4YwBCbi8pJAveEEdnkHyPyTP/mzRfwg==
    dependencies:
      safe-buffer "~5.1.0"
  
  through2@^2.0.2, through2@^2.0.3:
    version "2.0.5"
    resolved "https://registry.yarnpkg.com/through2/-/through2-2.0.5.tgz#01c1e39eb31d07cb7d03a96a70823260b23132cd"
    integrity sha512-/mrRod8xqpA+IHSLyGCQ2s8SPHiCDEeQJSep1jqLYeEUClOFG2Qsh+4FU6G9VeqpZnGW/Su8LQGc4YKni5rYSQ==
    dependencies:
      readable-stream "~2.3.6"
      xtend "~4.0.1"
  
  use-plugin@^8.2.0:
    version "8.2.0"
    resolved "https://registry.yarnpkg.com/use-plugin/-/use-plugin-8.2.0.tgz#6a3d97c4557e96c509536e07357d23a88b41e24d"
    integrity sha512-mISoqGU0ouiSn2QY3k8a88yPqgDilOMpVjXBswMVNibz1MmIzgtxNVRtFwsb30rNvfvl5ZGu44JQtP/gY4/1Bw==
    dependencies:
      eraro "^2.1.0"
      nid "^1.1.0"
      norma "^2.0.2"
      optioner "^5.0.1"
  
  util-deprecate@~1.0.1:
    version "1.0.2"
    resolved "https://registry.yarnpkg.com/util-deprecate/-/util-deprecate-1.0.2.tgz#450d4dc9fa70de732762fbd2d4a28981419a0ccf"
    integrity sha512-EPD5q1uXyFxJpCrLnCc1nHnq3gOa6DZBocAIiI2TaSCA7VCJ1UJDMagCzIkXNsUYfD1daK//LTEQ8xiIbrHtcw==
  
  uuid@8.3.2:
    version "8.3.2"
    resolved "https://registry.yarnpkg.com/uuid/-/uuid-8.3.2.tgz#80d5b5ced271bb9af6c445f21a1a04c606cefbe2"
    integrity sha512-+NYs2QeMWy+GWFOEm9xnn6HCDp0l7QBD7ml8zLUmJ+93Q5NF0NocErnwkTkXVFNiX3/fpC6afS8Dhb/gz7R7eg==
  
  wrappy@1:
    version "1.0.2"
    resolved "https://registry.yarnpkg.com/wrappy/-/wrappy-1.0.2.tgz#b5243d8f3ec1aa35f1364605bc0d1036e30ab69f"
    integrity sha512-l4Sp/DRseor9wL6EvV2+TuQn63dMkPjZ/sp9XkghTEbV9KlPS1xUsZ3u7/IQO4wxtcFB4bgpQPRcR3QCvezPcQ==
  
  xtend@~4.0.1:
    version "4.0.2"
    resolved "https://registry.yarnpkg.com/xtend/-/xtend-4.0.2.tgz#bb72779f5fa465186b1f438f674fa347fdb5db54"
    integrity sha512-LKYU1iAXJXUgAXn9URjiu+MWhyUXHsvfp7mcuYm9dSUKK0/CjtrUwFAxD82/mCWbtLsGjFIad0wIsod4zrTAEQ==
  
  yallist@^3.0.2:
    version "3.1.1"
    resolved "https://registry.yarnpkg.com/yallist/-/yallist-3.1.1.tgz#dbb7daf9bfd8bac9ab45ebf602b8cbad0d5d08fd"
    integrity sha512-a4UGQaWPH59mOXUYnAG2ewncQS4i4F43Tv3JoAM+s2VDAmS9NsK8GpDMLrCHPksFT7h3K6TOoUNn2pb7RoXx4g==
